Terminal log file
Date: 2/1/2018 - 7:49:45 PM
-----------------------------------------------
009197244184252196012071244199240196276
009194244182252196012071244202240196283
009196244184252196012070244198240196283
009190244185252196012071244199240196283
009189244190252196012071244198240196283
009194244186252196012071244200240196283
009194244180252196012072244198240196270
009196244183252196012067244200240196270
009190244194252196012073244198240196270
009191244192252196012071244194240196270
009195244193252196012071244196240196270
009193244189252196012071244199240196281
009191244184252196012072244201240196281
009199244190252196012078244202240196281
009194244188252196012068244204240196281
009190244187252196012073244200240196281
009191244188252196012070244198240196271
009194244188252196012067244200240196271
009198244185252196012064244203240196271
009193244189252196012063244199240196271
009191244184252196012068244196240196271
009199244186252196012071244198240196279
009199244193252196012069244201240196279
009193244188252196012066244205240196279
009192244188252196012066244203240196279
009203244183252196012067244205240196279
009193244185252196012069244200240196259
009200244184252196012070244201240196259
009193244183252196012068244201240196259
009192244187252196012063244205240196259
009192244186252196012063244205240196259
009193244180252196012063244205240196276
009202244181252196012066244197240196276
009193244186252196012069244194240196276
009195244188252196012067244195240196276
009197244187252196012062244201240196276
009192244191252196012071244197240196271
009196244190252196012071244199240196271
009194244192252196012063244202240196271
009194244184252196012064244198240196271
009198244189252196012073244195240196271
009194244191252196012069244198240196283
009196244190252196012063244204240196283
009192244184252196012068244199240196283
009196244186252196012062244205240196283
009194244186252196012069244199240196283
009195244183252196012064244205240196265
009196244183252196012070244200240196265
009195244182252196012068244200240196265
009195244178252196012073244194240196265
009199244181252196012067244198240196265
009200244185252196012062244196240196271
009193244185252196012075244195240196271
009199244182252196012071244198240196271
009198244187252196012069244196240196271
009192244187252196012066244197240196271
009192244188252196012067244201240196267
009193244187252196012066244199240196267
009194244189252196012070244201240196267
009197244187253196012064244202240196267
009193244190252196012066244202240196267
009194244191252196012074244192240196269
009196244188252196012071244201240196269
009195244185252196012067244195240196269
009195244192252196012066244199240196269
009198244187252196012074244200240196269
009196244178252196012070244193240196257
009196244187252196012069244197240196257
009201244184252196012071244200240196257
009194244184252196012068244198240196257
009198244187252196012064244205240196257
009192244185252196012068244201240196273
009194244183252196012068244192240196273
009195244193252196012073244194240196273
009198244180252196012072244200240196273
009193244189252196012067244199240196273
009190244184252196012073244194240196275
009197244182252196012070244196240196275
009194244186252196012071244196240196275
009194244184252196012066244199240196275
009194244180252196012066244205240196275
009189244186252196012072244203240196269
009194244183252196012064244191240196269
009200244175252196012074244190240196269
009190244179252196012064244201240196269
009192244186252196012070244192240196269
009196244179252196012072244195240196256
009189244181252196012071244190240196256
009192244180252196012069244197240196256
009193244180252196012070244197240196256
009198244186252196012064244195240196256
009196244183252196012068244198240196270
009190244189252196012070244199240196270
009195244190252196012075244193240196270
009196244188252196012068244196240196270
009191244182252196012069244191240196270
009197244186252196012067244190240196261
009187244192252196012069244199240196261
009192244188252196012072244198240196261
009199244182252196012071244198240196261
009196244183252196012071244198240196261
009188244181252196012063244200240196270
009194244187252196012067244201240196270
009194244185252196012067244199240196270
009190244181252196012070244198240196270
009190244180252196012072244198240196270
009192244181252196012068244200240196284
009195244186252196012069244199240196284
009194244182252196012070244198240196284
009196244185252196012066244202240196284
009194244183252196012072244198240196284
009194244186252196012075244204240196274
009198244190252196012070244197240196274
009190244187252196012074244199240196274
009197244187252196012076244201240196274
009200244186252196012069244205240196274
009196244182252196012069244202240196282
009197244185252196012076244198240196282
009190244188252196012072244197240196282
009194244186252196012072244201240196282
009195244183252196012074244199240196282
009194244184252196012067244203240196253
009199244182252196012066244197240196253
009200244184252196012075244195240196253
009195244187252196012074244204240196253
009201244184252196012067244197240196253
009197244183252196012070244201240196274
009192244183252196012071244196240196274
009196244189252196012073244200240196274
009197244184252196012073244201240196274
009200244185252196012072244197240196274
009194244187252196012068244197240196280
009202244179252196012068244199240196280
009195244185252196012065244199240196280
009196244187252196012070244197240196280
009200244180252196012067244195240196280
009191244185252196012071244200240196265
009196244183252196012068244207240196265
009192244182252196012072244200240196265
009196244180252196012076244203240196265
009190244185252196012069244196240196265
009196244175252196012069244197240196274
009192244184252196012071244201240196274
009187244187252196012073244195240196274
009193244184252196012077244199240196274
009196244190252196012071244208240196274
009193244186252196012071244195240196277
009196244185252196012065244200240196277
009192244185252196012067244205240196277
009197244180252196012069244204240196277
009194244182252196012065244203240196277
009198244184252196012070244202240196271
009201244182252196012070244202240196271
009190244184252196012069244208240196271
009196244183252196012068244197240196271
009194244181252196012069244201240196271
009195244188252196012065244202240196255
009194244188252196012075244202240196255
009191244182252196012073244205240196255
009199244183252196012071244204240196255
009194244183252196012076244200240196255
009192244183252196012072244202240196273
009196244185252196012068244203240196273
009195244185252196012067244199240196273
009194244182252196012076244201240196273
009194244186252196012067244205240196273
009192244180252196012067244208240196282
009200244183252196012071244206240196282
009200244174252196012066244205240196282
009195244180252196012071244205240196282
009193244185252196012073244204240196282
009197244179252196012067244202240196255
009193244182252196012067244204240196255
009190244177252196012073244203240196255
009188244188252196012071244204240196255
009194244183252196012064244200240196255
009194244179252196012072244204240196272
009194244185252196012076244201240196272
009191244186252196012070244206240196272
009194244180252196012076244205240196272
009194244180252196012071244206240196272
009190244183252196012068244204240196263
009189244187252196012066244194240196263
009198244180252196012066244197240196263
009193244185252196012070244198240196263
009190244185252196012074244197240196263
009193244182252196012071244195240196272
009199244181252196012073244201240196272
009195244186252196012073244195240196272
009195244186252196012069244197240196272
009198244188252196012067244196240196272
009199244189252196012071244196240196268
009198244190252196012076244199240196268
009195244181252196012067244200240196268
009190244185252196012071244203240196268
009192244185252196012071244203240196268
009190244188252196012072244203240196257
009194244183252196012076244202240196257
009199244185252196012074244206240196257
009197244185252196012077244199240196257
009200244183252196012072244200240196257
009197244185252196012079244198240196272
009193244186252196012071244198240196272
009189244183252196012072244195240196272
009198244183252196012070244194240196272
009199244182252196012074244193240196272
009200244184252196012072244190240196279
009195244195252196012070244192240196279
009197244182252196012072244193240196279
009202244185252196012068244197240196279
009192244190252196012075244197240196279
009191244185252196012071244194240196272
009192244186252196012069244194240196272
009198244180252196012078244194240196272
009195244188252196012069244193240196272
009192244181252196012067244200240196272
009195244182252196012072244203240196271
009203244182252196012071244204240196271
009186244181252196012070244202240196271
009194244185252196012070244198240196271
009199244177252196012072244202240196271
009200244184252196012067244199240196267
009192244183252196012076244197240196267
009197244178252196012077244196240196267
009197244183252196012068244196240196267
009195244184252196012075244199240196267
009202244187252196012071244203240196269
009196244182252196012070244198240196269
009195244186252196012074244196240196269
009194244184252196012071244194240196269
009199244185252196012073244193240196269
009192244190252196012071244204240196269
009189244194252196012068244199240196269
009193244184252196012073244202240196269
009192244190252196012076244194240196269
009190244190252196012075244199240196269
009189244192252196012072244199240196281
009191244190252196012070244205240196281
009190244190252196012076244204240196281
009189244190252196012069244202240196281
009190244188252196012073244199240196281
009189244189252196012073244205240196265
009192244188252196012073244199240196265
009195244184252196012071244205240196265
009190244189252196012071244198240196265
009189244189252196012071244202240196265
009191244184252196012067244202240196261
009188244192252196012076244195240196261
009192244198252196012069244196240196261
009194244188252196012064244197240196261
009195244188252196012066244202240196261
009192244187252196012064244202240196265
009197244191252196012074244198240196265
009187244185252196012075244201240196265
009196244184252196012065244201240196265
009196244189252196012068244202240196265
009194244192252196012071244197240196266
009194244183252196012066244196240196266
009189244191252196012069244197240196266
009199244182252196012073244192240196266
009195244188252196012071244203240196266
009194244185252196012073244197240196254
009201244185252196012070244208240196254
009194244189252196012073244197240196254
009192244184252196012070244197240196254
009188244188252196012070244202240196254
009192244190252196012071244198240196268
009194244191252196012072244200240196268
009196244185252196012069244202240196268
009196244186252196012070244200240196268
009192244189252196012063244201240196268
009187244193252196012069244198240196264
009189244191252196012068244199240196264
009191244193252196012070244198240196264
009190244191252196012070244202240196264
009192244188252196012064244204240196264
009199244185252196012067244201240196271
009195244187252196012069244201240196271
009198244184252196012070244196240196271
009196244189252196012062244197240196271
009197244189252196012067244200240196271
009192244185252196012068244197240196253
009193244184252196012069244200240196253
009193244185252196012065244200240196253
009194244190252196012069244194240196253
009195244188252196012069244204240196253
009200244185252196012067244201240196273
009194244185252196012070244199240196273
009201244181252196012066244202240196273
009200244184252196012068244200240196273
009200244183252196012068244198240196273
009200244188252196012065244203240196277
009204244187252196012069244200240196277
009197244181252196012065244195240196277
009195244184252196012066244196240196277
009201244184252196012067244198240196277
009203244179252196012069244202240196272
009196244181252196012061244200240196272
009198244181252196012062244200240196272
009199244180252196012073244196240196272
009202244190252196012073244205240196272
009197244187252196012064244202240196273
009201244187252196012068244202240196273
009197244182252196012068244204240196273
009198244184252196012065244201240196273
009201244181252196012071244198240196273
009199244178252196012072244200240196265
009200244186252196012065244204240196265
009202244184252196012069244200240196265
009193244184252196012070244202240196265
009193244183252196012062244199239196265
009200244182252196012070244200240196267
009196244185252196012073244197240196267
009195244191252196012067244201240196267
009202244185252196012075244201240196267
009200244188252196012070244209240196267
009195244185252196012066244203240196270
009200244180252196012070244205240196270
009197244180252196012072244199240196270
009196244186252196012071244201240196270
009197244184252196012067244206240196270
009195244183252196012071244201240196272
009195244185252196012073244203240196272
009197244185252196012069244198240196272
009196244185252196012072244196240196272
009195244188252196012070244197240196272
009188244182252196012067244201240196255
009198244188252196012069244200240196255
009194244187252196012067244202240196255
009197244184252196012069244205240196255
009195244181252196012071244202240196255
009192244186252196012071244200240196274
009191244185252196012071244197240196274
009188244190252196012075244196240196274
009193244184252196012070244206240196274
009196244186252196012068244199240196274
009192244183252196012067244202240196276
009193244182252196012066244200240196276
009189244189252196012064244201240196276
009190244186252196012068244197240196276
009193244184252196012068244197240196276
009195244184252196012066244199240196280
009194244181252196012066244204240196280
009195244182252196012071244198240196280
009199244183252196012067244202240196280
009190244182252196012070244199240196280
009193244177252196012070244200240196265
009197244185252196012069244202240196265
009194244183252196012065244203240196265
009192244181252196012067244200240196265
009195244184252196012073244197240196265
009199244177252196012066244202240196261
009194244189252196012068244203240196261
009203244188252196012069244204240196261
009194244184252196012071244206240196261
009190244186252196012072244201240196261
009201244184252196012070244198240196281
009204244187252196012071244203240196281
009198244187252196012071244201240196281
009194244184252196012066244202240196281
009199244186252196012072244206240196281
009200244182252196012074244202240196263
009198244187252196012069244201240196263
009203244183252196012069244202240196263
009199244184252196012074244206240196263
009192244184252196012075244205240196263
009197244188252196012076244198240196260
009194244186252196012077244199240196260
009192244185252196012071244196240196260
009199244186252196012067244202240196260
009201244181252196012071244203240196260
009197244187252196012071244204240196271
009194244183252196012068244199240196271
009201244185252196012073244196240196271
009197244188252196012073244196240196271
009193244192252196012073244201240196271
009198244183252196012074244204240196266
009191244182252196012070244198240196266
009197244188252196012066244202240196266
009188244187252196012072244203240196266
009196244185252196012067244201240196266
009192244185252196012064244196240196277
009194244192252196012072244203240196277
009196244189252196012073244197240196277
009199244187252196012067244199240196277
009200244187252196012072244200240196277
009199244187252196012073244197240196270
009193244192252196012068244205240196270
009197244190252196012069244203240196270
009198244184252196012070244199240196270
009196244182252196012066244203240196270
009196244183252196012067244203240196255
009199244187252196012070244204240196255
009204244187252196012068244198240196255
009196244189252196012071244203240196255
009194244189252196012070244208240196255
009199244191252196012066244205240196273
009197244189252196012072244196240196273
009192244191252196012075244204240196273
009192244184252196012066244202240196273
009196244186252196012069244204240196273
009194244187252196012073244203240196257
009198244182252196012076244201240196257
009196244188252196012068244196240196257
009195244181252196012068244203240196257
009194244185252196012074244200240196257
009200244185252196012068244205240196275
009193244195252196012072244200240196275
009198244185252196012070244200240196275
009198244186252196012065244202240196275
009200244187252196012068244204240196275
009194244190252196012068244201240196270
009193244181252196012064244193240196270
009195244182252196012065244202240196270
009194244186252196012071244199240196270
009199244183252196012069244204240196270
009196244186252196012065244198240196275
009196244189252196012069244195240196275
009196244187252196012066244199240196275
009195244184252196012075244195240196275
009193244181252196012067244204240196275
009186244184252196012066244207240196270
009189244186252196012069244199240196270
009193244187252196012070244198240196270
009190244190252196012070244201240196270
009191244184252196012071244202240196270
009193244184252196012064244207240196256
009195244187252196012069244198240196256
009195244179252196012071244198240196256
009195244180252196012068244196240196256
009194244184252196012066244193240196256
009197244180252196012064244201240196275
009195244185252196012069244199240196275
009197244182252196012065244201240196275
009191244191252196012068244199240196275
009190244183252196012067244203240196275
009192244181252196012069244196240196280
009189244192252196012072244196240196280
009193244189252196012073244198240196280
009191244188252196012076244198240196280
009197244185252196012070244202240196280
009192244184252196012075244197240196269
009194244185252196012072244196240196269
009195244187252196012068244192240196269
009201244182252196012069244200240196269
009198244183252196012070244195240196269
009200244183252196012070244195240196276
009190244180252196012067244200240196276
009199244182252196012080244196240196276
009192244186252196012069244199240196276
009192244185252196012072244197240196276
009197244183252196012072244199240196265
009193244181252196012066244199240196265
009191244187252196012075244196240196265
009195244183252196012071244206240196265
009199244181252196012073244201240196265
009200244180252196012071244198240196276
009193244187252196012071244199240196276
009194244182252196012067244195240196276
009198244185252196012072244200240196276
009196244184252196012073244203240196276
009193244185252196012071244202240196269
009194244182252196012070244199240196269
009197244178252196012069244197240196269
009193244183252196012069244202240196269
009197244185252196012071244201240196269
009196244186252196012074244196240196270
009196244184252196012073244197240196270
009198244179252196012074244198240196270
009194244184252196012078244192240196270
009192244181252196012072244195240196270
009199244185252196012074244199240196270
009196244184252196012077244192240196270
009196244182252196012072244192240196270
009196244185252196012072244197240196270
009203244184252196012076244196240196270
009196244187252196012074244196240196269
009194244187252196012069244196240196269
009198244181252196012075244198240196269
009195244183252196012071244193240196269
009200244181252196012070244198240196269
009198244184252196012070244195240196271
009200244178252196012071244200240196271
009201244183252196012068244196240196271
009201244186252196012072244196240196271
009200244183252196012066244192240196271
009196244185252196012068244190240196272
009197244176252196012069244196240196272
009197244187252196012065244197240196272
009195244185252196012069244196240196272
009197244185252196012075244197240196272
009200244183252196012075244192240196258
009200244190252196012070244199240196258
009203244183252196012073244198240196258
009203244180252196012065244199240196258
009196244188252196012069244198240196258
009195244189252196012069244196240196269
009200244179252196012072244199240196269
009199244178252196012071244192240196269
009199244185252196012074244195240196269
009199244184252196012076244195240196269
009197244186252196012075244196240196277
009193244188252196012072244204240196277
009198244180252196012076244193240196277
009195244184252196012076244198240196277
009193244182252196012073244199240196277
009194244187252196012080244195240196275
009197244187252196012074244198240196275
009195244182252196012066244198240196275
009193244183252196012070244200240196275
009201244184252196012072244203240196275
009196244182252196012068244202240196277
009196244182252196012068244206240196277
009192244192252196012071244201240196277
009196244186252196012072244198240196277
009195244179252196012071244198240196277
009200244185252196012071244197240196270
009202244184252196012070244199240196270
009196244186252196012076244198240196270
009199244190252196012077244199240196270
009202244186252196012076244196240196270
009197244188252196012074244201240196265
009197244185252196012078244201240196265
009201244185252196012073244198240196265
009199244189252196012075244203240196265
009196244190252196012071244204240196265
009194244185252196012068244200240196279
009200244185252196012071244201240196279
009189244187252196012070244195240196279
009190244190252196012070244201240196279
009200244188252196012075244198240196279
009195244181252196012070244195240196266
009201244188252196012073244204240196266
009199244183252196012074244202240196266
009202244185252196012077244200240196266
009193244182252196012072244198240196266
009197244186252196012075244200240196260
009196244187252196012076244197240196260
009200244185252196012066244194240196260
009197244191252196012075244192240196260
009195244182252196012076244192240196260
009193244187252196012073244196240196266
009193244189252196012071244197240196266
009195244188252196012078244198240196266
009190244182252196012080244199240196266
009195244184252196012072244198240196266
009199244188252196012075244196240196280
009201244184252196012073244198240196280
009194244182252196012073244194240196280
009200244189252196012075244197240196280
009196244187252196012065244199240196280
009192244189252196012076244196240196277
009198244183252196012074244196240196277
009197244181252196012076244193240196277
009196244189252196012074244199240196277
009200244183252196012074244196240196277
009198244181252196012076244194240196264
009196244188252196012071244195240196264
009195244190252196012074244196240196264
009199244182253196012076244197240196264
009199244189252196012073244196240196264
009188244184252196012068244198240196273
009197244183252196012077244197240196273
009203244189252196012068244195240196273
009196244188252196012069244196240196273
009196244187253196012068244197240196273
009203244181252196012071244199240196282
009194244188252196012068244204240196282
009194244182252196012068244198240196282
009200244183252196012071244196240196282
009197244191252196012070244190240196282
009199244188252196012072244196240196270
009197244185252196012072244198240196270
009198244189252196012074244200240196270
009193244185252196012076244199240196270
009193244181252196012077244194240196270
009195244185252196012077244192240196265
009201244187252196012070244202240196265
009191244187252196012073244199240196265
009198244184252196012064244197240196265
009194244183252196012077244201240196265
009194244186252196012077244194240196271
009199244185252196012073244201240196271
009195244186252196012077244204240196271
009197244191252196012076244199240196271
009196244188252196012074244201240196271
009201244193252196012077244202240196265
009190244189252196012071244200240196265
009196244186252196012071244199240196265
009194244188252196012074244198240196265
009195244192252196012079244195240196265
009196244191252196012077244193240196256
009198244181252196012079244200240196256
009194244185252196012077244200240196256
009196244189252196012074244201240196256
009200244185252196012082244197240196256
009196244191252196012081244198240196275
009195244183252196012071244194240196275
009195244182252196012078244194240196275
009198244181252196012079244191240196275
009187244188252196012078244193240196275
009194244182252196012078244193240196267
009194244182252196012075244192240196267
009191244182252196012075244196240196267
009193244183252196012078244196240196267
009201244180252196012080244198240196267
009198244184252196012079244196240196284
009195244185252196012076244194240196284
009196244187252196012075244194240196284
009197244181252196012076244195240196284
009191244188252196012071244198240196284
009192244182252196012073244197240196267
009197244186252196012070244192240196267
009200244184252196012076244198240196267
009198244182252196012075244197240196267
009192244186252196012072244201240196267
009200244184252196012070244197240196268
009197244183252196012076244199240196268
009197244185252196012075244199240196268
009196244189252196012076244202240196268
009192244189252196012078244199240196268
009203244190252196012071244202240196273
009198244187252196012072244199240196273
009200244181252196012072244200240196273
009196244184252196012081244191240196273
009200244182252196012075244191240196273
009197244185252196012079244195240196264
009196244190252196012078244203240196264
009199244184252196012070244196240196264
009195244189252196012075244197240196264
009196244195252196012077244191240196264
009197244185252196012073244191240196268
009201244182252196012080244197240196268
009194244183252196012078244203240196268
009198244185252196012073244198240196268
009199244179253196012075244197240196268
009197244181252196012076244199240196278
009195244182252196012076244197240196278
009197244186252196012077244197240196278
009197244182252196012076244194240196278
009195244186252196012072244196240196278
009200244181252196012071244199240196281
009197244181252196012077244200240196281
009192244176252196012080244196240196281
009194244181252196012073244203240196281
009195244176252196012074244198240196281
009195244186252196012074244196240196279
009199244183252196012075244195240196279
009202244186252196012072244195240196279
009194244179252196012070244197240196279
009193244180252196012071244204240196279
009196244180252196012073244196240196264
009193244184252196012078244195240196264
009193244182252196012072244195240196264
009195244180252196012078244189240196264
009197244181252196012074244194240196264
009190244181252196012067244191240196255
009201244183252196012069244200240196255
009199244187252196012072244196240196255
009197244184252196012068244197240196255
009193244180252196012076244191240196255
009195244184252196012071244194240196270
009199244184252196012071244197240196270
009196244186252196012070244192240196270
009197244184252196012074244192240196270
009193244189252196012076244194240196270
009197244183252196012071244194240196262
009200244185252196012079244194240196262
009189244181252196012076244198240196262
009193244184252196012076244192240196262
009203244186252196012073244200240196262
009193244188252196012073244198240196269
009196244188252196012074244198240196269
009198244187252196012076244190240196269
009199244188252196012072244191240196269
009196244194252196012076244198240196269
009202244185252196012073244194240196276
009204244188252196012068244195240196276
009196244188252196012075244197240196276
009200244186252196012076244198240196276
009200244181252196012071244196240196276
009198244195252196012074244198240196271
009196244192252196012071244202240196271
009198244192252196012073244197240196271
009199244189252196012070244196240196271
009195244186252196012072244201240196271
009192244191252196012070244197240196267
009195244190252196012074244196240196267
009199244195252196012071244199240196267
009192244193252196012068244200240196267
009204244186252196012072244193240196267
009191244187252196012072244199240196271
009199244186252196012072244201240196271
009200244187252196012072244199240196271
009199244183252196012081244193240196271
009196244188252196012073244199240196271
009199244187252196012071244200240196277
009198244184252196012073244199240196277
009196244183252196012079244195240196277
009198244183252196012077244195240196277
009203244185252196012077244195240196277
009195244185252196012072244197240196271
009191244191252196012072244191240196271
009198244184252196012080244199240196271
009195244187252196012074244203240196271
009195244186252196012073244197240196271
009195244180252196012072244198240196264
009202244180252196012081244200240196264
009194244189252196012072244199240196264
009196244191252196012075244200240196264
009198244189252196012075244199240196264
009198244188252196012074244198240196273
009195244185252196012075244196240196273
009195244190252196012073244201240196273
009201244196252196012073244200240196273
009190244189252196012072244196240196273
009197244184252196012072244194240196274
009193244191252196012068244202240196274
009192244192252196012066244201240196274
009193244188252196012065244200240196274
009196244192252196012069244200240196274
009194244185252196012073244199240196255
009193244185252196012073244198240196255
009200244186252196012069244196240196255
009198244190252196012069244197240196255
009191244189252196012072244199240196255
009197244187252196012075244195240196270
009198244189252196012072244194240196270
009194244191252196012075244198240196270
009198244189252196012075244196240196270
009189244187252196012076244192240196270
009192244190252196012078244190240196269
009194244183252196012072244198240196269
009198244186252196012070244200240196269
009196244184252196012073244196240196269
009195244191252196012074244190240196269
009197244191252196012069244196240196256
009196244188252196012074244199240196256
009198244189252196012071244198240196256
009195244183252196012073244193240196256
009199244185252196012071244200240196256
009199244187252196012074244192240196256
009197244192252196012067244194240196256
009201244189252196012072244195240196256
009199244184252196012076244196240196256
009198244184252196012073244198240196256
009194244189252196012074244198240196270
009195244192252196012077244198240196270
009202244183252196012074244200240196270
009200244187252196012071244203240196270
009191244185252196012074244198240196270
009198244186252196012070244201240196266
009198244186252196012070244205240196266
009195244187252196012072244197240196266
009199244186252196012067244198240196266
009204244187252196012070244204240196266
009200244179252196012079244191240196271
009197244185252196012070244198240196271
009195244185252196012075244202240196271
009199244181252196012071244200240196271
009195244179252196012068244199240196271
009203244184252196012070244198240196264
009197244184252196012070244197240196264
009193244187252196012079244196240196264
009193244188252196012077244199240196264
009194244183252196012078244200240196264
009196244190252196012077244198240196273
009194244186252196012074244198240196273
009193244174252196012074244199240196273
009197244188252196012070244203240196273
009197244182252196012072244201240196273
009194244183252196012073244203240196264
009202244188252196012076244205240196264
009201244187252196012072244201240196264
009197244189252196012074244198240196264
009193244187252196012075244197240196264
009190244189252196012070244197240196272
009198244184252196012068244197240196272
009195244180252196012068244200240196272
009196244189252196012066244198240196272
009194244186252196012069244199240196272
009206244176252196012066244205240196266
009202244180252196012068244202240196266
009193244179252196012072244200240196266
009196244183252196012073244200240196266
009196244187252196012075244197240196266
009196244185252196012074244199240196272
009196244186252196012070244199240196272
009198244186252196012066244197240196272
009194244181253196012066244197240196272
009197244188252196012066244200240196272
009199244184252196012072244190240196274
009192244182252196012067244204240196274
009195244183253196012067244199240196274
009201244182252196012068244195240196274
009205244180252196012068244191240196274
009196244182252196012072244199240196270
009200244187252196012064244205240196270
009196244188252196012066244195240196270
009199244184252196012069244198240196270
009198244189252196012066244205240196270
009195244182252196012067244201240196277
009195244180252196012077244194240196277
009196244186252196012067244200240196277
009205244180252196012062244204240196277
009203244182252196012074244199240196277
009197244177252196012063244202240196271
009205244187252196012064244200240196271
009200244186252196012068244199240196271
009196244184252196012070244202240196271
009200244183252196012069244195240196271
009199244180252196012064244193240196274
009199244180252196012068244194240196274
009199244190252196012066244196240196274
009198244188252196012068244198240196274
009202244185252196012071244201240196274
009193244188252196012067244197240196271
009207244192252196012070244196240196271
009202244189252196012072244194240196271
009197244185252196012063244198240196271
009195244187252196012066244199240196271
009200244187252196012074244201240196257
009195244192252196012066244204240196257
009193244182252196012069244201240196257
009200244184252196012071244198240196257
009201244179252196012065244201240196257
009198244182252196012067244195240196271
009199244189252196012069244200240196271
009200244185252196012066244202240196271
009193244181252196012066244201240196271
009196244185252196012071244201240196271
009200244182252196012068244201240196253
009195244188252196012072244197240196253
009201244182253196012072244197240196253
009202244185252196012069244202240196253
009195244181252196012068244201240196253
009195244184252196012073244199240196270
009202244180252196012071244203240196270
009200244188252196012068244200240196270
009197244181252196012068244194240196270
009200244182252196012065244198240196270
009197244182252196012068244205240196273
009192244190252196012065244202240196273
009196244179252196012067244194240196273
009202244189252196012067244198240196273
009196244183252196012070244193240196273
009202244186252196012070244200240196278
009197244186252196012065244197240196278
009194244185252196012069244199240196278
009193244192252196012073244197240196278
009203244182252196012065244194240196278
009198244181252196012063244201240196256
009198244188252196012070244195240196256
009206244184252196012067244199240196256
009198244185252196012061244202240196256
009203244187252196012074244198240196256
009202244185252196012072244197240196262
009201244192252196012063244197240196262
009199244193252196012068244199240196262
009205244181252196012070244194240196262
009199244190252196012070244198240196262
009200244184252196012072244195240196271
009200244189252196012064244199240196271
009204244185252196012069244202240196271
009208244187252196012069244201240196271
009197244179252196012068244198240196271
009206244183252196012063244202240196265
009203244188252196012067244200240196265
009202244188252196012067244193240196265
009202244180252196012069244199240196265
009202244186252196012074244197240196265
009204244186252196012068244199240196270
009201244183252196012071244194240196270
009206244184252196012066244199240196270
009207244189252196012064244202240196270
009204244176252196012064244200240196270
009203244181252196012064244204240196273
009202244187253196012065244200240196273
009200244185252196012061244200240196273
009197244186252196012066244203240196273
009200244182252196012064244207240196273
009202244189252196012067244202240196268
009204244182252196012061244204240196268
009202244185252196012064244201240196268
009200244190252196012064244201240196268
009208244181252196012061244198240196268
009204244187252196012069244200240196277
009202244184252196012065244205240196277
009202244188252196012069244202240196277
009202244188252196012066244203240196277
009200244193252196012065244199240196277
009206244189252196012067244201240196270
009205244188252196012062244203240196270
009208244182252196012065244204240196270
009208244182252196012065244199240196270
009204244185252196012067244192240196270
009204244183252196012066244195240196273
009206244187252196012066244201240196273
009201244187252196012070244199240196273
009209244181252196012065244199240196273
009205244186252196012064244202240196273
009205244183252196012070244202240196269
009213244182252196012066244202240196269
009206244184252196012065244198240196269
009208244182252196012064244197240196269
009205244179252196012067244201240196269
009208244180252196012067244198240196280
009211244183252196012071244202240196280
009209244178252196012065244201240196280
009204244180252196012068244201240196280
009206244184252196012063244204240196280
009211244177252196012065244199240196271
009205244181252196012067244203240196271
009210244180252196012063244204240196271
009207244181252196012068244200240196271
009208244188252196012068244203240196271
009205244186252196012069244199240196256
009205244180252196012068244202240196256
009211244183252196012061244197240196256
009208244180252196012063244202240196256
009205244190252196012065244202240196256
009208244184252196012066244200240196266
009214244186252196012066244198240196266
009209244184252196012068244198240196266
009209244183252196012063244200240196266
009215244177252196012065244200240196266
009205244182252196012068244195240196264
009208244186252196012064244193240196264
009213244182252196012068244195240196264
009207244182252196012063244195240196264
009206244181252196012062244198240196264
009209244184252196012060244198240196271
009208244184252196012062244199240196271
009212244188252196012065244192240196271
009205244182252196012063244202240196271
009204244182252196012066244195240196271
009204244185252196012062244197240196253
009203244183252196012064244199240196253
009210244186252196012070244194240196253
009206244186252196012054244202240196253
009210244184252196012061244197240196253
009207244185252196012068244191240196271
009206244190252196012060244198240196271
009208244183252196012057244199240196271
009213244182252196012063244198240196271
009214244187252196012065244198240196271
009205244193252196012066244197240196273
009207244182252196012066244192240196273
009208244180252196012059244199240196273
009205244181252196012066244195240196273
009201244181252196012066244202240196273
009209244179252196012065244196240196276
009209244183252196012061244198240196276
009202244184252196012065244201240196276
009210244188252196012062244193240196276
009210244183252196012064244196240196276
009206244180252196012065244194240196261
009202244183252196012065244200240196261
009211244180252196012066244196240196261
009203244180252196012064244203240196261
009208244183252196012060244199240196261
009208244176252196012060244199240196271
009211244187252196012057244197240196271
009209244183252196012061244203240196271
009207244177252196012064244199240196271
009210244178252196012059244203240196271
009212244176252196012067244197240196278
009217244179252196012061244199240196278
009208244180252196012061244202240196278
009210244183252196012069244199240196278
009203244184252196012067244199240196278
009207244180252196012065244201240196271
009203244182252196012068244194240196271
009208244179252196012066244202240196271
009208244183252196012061244199240196271
009207244179252196012062244198240196271
009202244177252196012064244195240196280
009208244181252196012059244202240196280
009215244174252196012061244204240196280
009202244182252196012059244204240196280
009215244182252196012062244198240196280
009208244181252196012058244207240196274
009210244185252196012059244202240196274
009211244180252196012063244198240196274
009213244181252196012059244204240196274
009218244179252196012062244198240196274
009216244181252196012059244200240196266
009211244179252196012067244197240196266
009208244182252196012063244196240196266
009211244180252196012062244199240196266
009211244180252196012063244199240196266
009215244181252196012061244197240196255
009210244179252196012065244204240196255
009217244178252196012060244205240196255
009220244181252196012062244206240196255
009214244179252196012063244205240196255
009218244179252196012063244201240196267
009221244176252196012060244203240196267
009224244174252196012061244202240196267
009225244173252196012057244204240196267
009220244176252196012060244200240196267
009217244176252196012058244200240196272
009221244177252196012061244197240196272
009222244172252196012059244204240196272
009225244172252196012052244195240196272
009221244175252196012052244198240196272
009227244174252196012057244196240196276
009226244173252196012050244201240196276
009225244174253196012057244200240196276
009224244170252196012060244196240196276
009224244171252196012055244202240196276
009217244173252196012056244198240196257
009216244169252196012056244200240196257
009224244172252196012054244203240196257
009225244173252196012054244201240196257
009222244169252196012059244205240196257
009227244168252196012053244205240196255
009223244170252196012049244198240196255
009226244169252196012053244200240196255
009226244172252196012051244203240196255
009230244170252196012050244200240196255
009222244170252196012055244202240196254
009222244174252196012053244200240196254
009222244170252196012050244195240196254
009223244177252196012056244198240196254
009228244169252196012053244199240196254
009232244171253196012051244195240196270
009225244170252196012052244196240196270
009228244171252196012056244199240196270
009230244170252196012046244199240196270
009230244177252196012050244188240196270
009233244169252196012056244200240196268
009233244168253196012053244192240196268
009234244170252196012055244200240196268
009225244168252196012055244202240196268
009227244169252196012052244201240196268
009230244164252196012049244196240196272
009228244167252196012049244194240196272
009232244162252196012049244204240196272
009229244169252196012052244201240196272
009231244167252196012055244202240196272
009230244168252196012051244206240196272
009233244167252196012051244200240196272
009232244160253196012051244201240196272
009227244161252196012050244196240196272
009237244163252196012051244199240196272
009229244166253196012051244198240196277
009232244162252196012049244209240196277
009228244162252196012042244198240196277
009235244152252196012055244197240196277
009229244157252196012052244199240196277
009227244155253196012053244199240196267
009226244161252196012053244201240196267
009235244162252196012051244207240196267
009229244164252196012052244197240196267
009233244162252196012051244196240196267
009236244162253196012046244195240196272
009228244161252196012047244204240196272
009233244161252196012050244204240196272
009236244154253196012054244200240196272
009232244162252196012047244199240196272
009233244155252196012049244201240196269
009232244160252196012045244205240196269
009234244159252196012047244205240196269
009236244157253196012048244204240196269
009237244157253196012050244206240196269
009238244159253196012042244205240196276
009233244164252196012049244202240196276
009238244157252196012045244205240196276
009238244159252196012044244204240196276
009241244157253196012043244207240196276
009236244152252196012048244200240196275
009234244153252196012044244206240196275
009238244156252196012045244205240196275
009239244155252196012047244207240196275
009240244150253196012039244211240196275
009237244157253196012044244208240196260
009234244156253196012050244208240196260
009244244147253196012041244207240196260
009240244154253196012040244206240196260
009241244156253196012043244206240196260
009239244154253196012037244213240196270
009241244152253196012042244207240196270
009233244149253196012044244209240196270
009233244152253196012042244209240196270
009234244156253196012041244209240196270
009237244154253196012041244214240196260
009235244153253196012040244206240196260
009240244153253196012036244212240196260
009240244146253196012040244213240196260
009237244146253196012042244212240196260
009239244151253196012035244217240196000
009235244151253196012042244204240196000
009239244151253196012040244210240196000
009240244146253196012035244212240196000
009243244145253196012039244209240196000
009238244148253196012039244206240196030
009243244146253196012037244210239196030
009242244139253196012039244211240196030
009241244142253196012039244216240196030
009241244142253196012034244215240196030
009240244141253196012037244213240196019
009243244145253196012038244212240196019
009232244144253196012034244209240196019
009242244140253196012033244211240196019
009236244141253196012031244208240196019
009238244144253196012035244212240196624
009240244142253196012037244214240196624
009243244143253196012029244215239196624
009234244140253196012027244214240196624
009242244138253196012028244220239196624
009239244147253196012031244216239196018
009237244151253196012025244213239196018
009242244150253196012028244217239196018
009244244150253196012031244214239196018
009245244151253196012026244215240196018
009244244157253196012022244218239196020
009245244153253196012029244217239196020
009249244161253196012028244219239196020
009250244157253196012029244215239196020
010000244158253196012025244217239196020
009253244163253196012029244224239196021
010000244162253196012022244224239196021
010002244167253196012029244225240196021
010008244168253196012022244219239196021
010011244178253196012023244224239196021
010010244173253196012031244224239196020
010015244173253196012027244228239196020
010026244179253196012022244226239196020
010028244180253196012027244225239196020
010038244187253196012019244234239196020
010043244192252196012018244230239196017
010055244190253196012023244226239196017
010055244189253196012027244231239196017
010067244197253196012025244230239196017
010068244194253196012025244228239196017
010084244195253196012030244232239196021
010090244198253196012030244230239196021
010095244200253196012025244229239196021
010098244193253196012020244236239196021
010120244193253196012023244226239196021
010124244195253196012021244232239196015
010125244193253196012028244231239196015
010138244192253196012023244227239196015
010141244190253196012025244226239196015
010148244190253196012025244228239196015
010151244193253196012025244231239196020
010157244185253196012026244224239196020
010155244191253196012024244228239196020
010163244187253196012023244231239196020
010170244193253196012021244228239196020
010180244187253196012023244227239196020
010179244187253196012017244233239196020
010184244187253196012020244230239196020
010195244187253196012026244231239196020
010197244183253196012024244231239196020
010207244180253196012016244235239196015
010216244182253196012026244231239196015
010228244184253196012017244227239196015
010235244179253196012019244228239196015
010245244183253196012018244232239196015
010253244179253196012019244228239196015
011014244179253196012020244231239196015
011017244175253196012019244228239196015
011022244174253196012020244234239196015
011033244167254196012014244234240196015
011035244167253196012011244229239196018
011045244159254196012017244230239196018
011043244156254196012011244231239196018
011053244152254196012007244233239196018
011061244155254196012014244232239196018
011057244146254196012010244229240196016
011060244135254196012014244234240196016
011062244138254196012011244231240196016
011062244138254196012003244233240196016
011062244135254196012007244233240196016
011067244125254196012003244232240196220
011066244125254196012009244227240196220
011065244125254196012004244230240196220
011064244121254196012006244226240196220
011062244118254196011254244226240196220
011055244120254196012000244230240196483
011068244110254196012003244231240196483
011065244103255196012002244226240196483
011056244103255196011254244229240196483
011052244095255196011251244232240196483
011050244089255196011251244230240196641
011039244091255196011251244227240196641
011043244086255196011254244229240196641
011039244077255196011249244232240196641
011035244075255196011248244231240196641
011027244077255196011245244234240196547
011022244068255196011240244233240196547
011020244067255196011243244230240196547
011002244067255196011243244231240196547
010254244057255196011236244239240196547
010254244054255196011234244235240196469
010240244050255196011230244233240196469
010226244046255196011221244230240196469
010210244044255196011226244238240196469
010195244037255196011224244238240196469
010177244039255196011213244240240196323
010153244031255196011208244241240196323
010139244029000196011207244245240196323
010116244028000196011208244245240196323
010108244024000196011196244245240196323
010067244023000196011197244245240196248
010050244020000196011190244252240196248
010029244025000196011180244249240196248
010002244023000196011174244249240196248
009237244024000196011168245003240196248
009219244029000196011163245009240196219
009201244032000196011149245010240196219
009172244035000196011149245014240196219
009156244038255196011140245020240196219
009151244042255196011130245034240196219
009138244044255196011120245035240196353
009117244052255196011117245043240196353
009106244067255196011109245055240196353
009099244064255196011105245060240196353
009085244071255196011094245072240196353
009086244081255196011094245071240196297
009083244073255196011085245086240196297
009080244083255196011086245088240196297
009075244090255196011073245091240196297
009083244092255196011069245102240196297
009077244103255196011060245116240196311
009080244103255196011057245124240196311
009084244111255196011048245132240196311
009087244111255196011043245138240196311
009090244113255196011042245149240196311
009096244121254196011038245153240196289
009105244121254196011033245163240196289
009107244124254196011031245176240196289
009111244129254196011034245179240196289
009121244131254196011024245193240196289
009128244140254196011024245199240196413
009132244136254196011020245201240196413
009155244136254196011021245217240196413
009158244139254196011013245230239196413
009156244140254196011006245242239196413
009171244146254196011010245248239196249
009188244142254196011007246009239196249
009198244146254196011009246011239196249
009204244144254196011004246024239196249
009227244147254196011005246033239196249
009237244147254196011007246050239196467
009250244151254196011011246060239196467
010009244146254196011010246067239196467
010025244156254196011003246085239196467
010040244150254196011007246097239196467
010059244147254196011010246105239196000
010073244140254196011014246119239196000
010094244141254196011016246133239196000
010109244141254196011017246141239196000
010126244140254196011021246150239196000
010138244135254196011035246163239196000
010158244134254196011029246173239196000
010173244127254196011039246178239196000
010182244122254196011046246188239196000
010199244114254196011057246199239196000
010215244112254196011060246202239196000
010225244109254196011073246218239196000
010239244101254196011080246221239196000
011004244085254196011081246229239196000
011014244081255196011093246231239196000
011024244083255196011104246243239196588
011045244065255196011112246244239196588
011059244059255196011123246250239196588
011065244050255196011141247002239196588
011074244040255196011145247005239196588
011099244022255196011157247008239196640
011099244013255196011167247014239196640
011108244008255196011190247013239196640
011117243249255196011201247013239196640
011123243229255196011206247012239196640
011130243220000196011231247007239196244
011129243209000196011245247009239196244
011129243190000196011250247002239196244
011124243178000196012000247004239196244
011123243171000196012025246253239196244
011118243157000196012025246250239196369
011098243137000196012039246246239196369
011092243129000196012045246237239196369
011084243119001196012058246225239196369
011069243111001196012063246223239196369
011037243091001196012069246219239196023
011021243077001196012073246198239196023
011000243066001196012078246195239196023
010217243056001196012080246189239196023
010193243049001196012085246170239196023
010173243043001196012086246158239196028
010153243035002196012083246153239196028
010111243028002196012089246137239196028
010084243028002196012083246129239196028
010066243028002196012082246126239196028
010045243027002196012083246124239196023
010009243018002196012075246104239196023
009244243018002196012069246102239196023
009225243014002196012072246099239196023
009189243012002196012059246087239196023
009165243013002196012057246080239196024
009152243009002196012057246081239196024
009130243007002196012053246079239196024
009095243008002196012044246067239196024
009066243014002196012041246068239196024
009050243013002196012033246066239196024
009007243017002196012027246059239196024
008241243007002196012023246051239196024
008221243019002196012019246054239196024
008193243016002196012014246051239196024
008144243027002196012003246052239196024
008112243034002196011247246050239196024
008095243040001196011234246050239196024
008068243047001196011218246053239196024
008013243054001196011205246050239196024
007245243064001196011195246056239196022
007215243070001196011182246056239196022
007162243080001196011170246061239196022
007138243091001196011155246063239196022
007122243108001196011145246073239196022
007105243114000196011123246088239196024
007067243132000196011104246098239196024
007054243145000196011100246105239196024
007032243158000196011076246126239196024
007023243167000196011067246140239196024
006249243190000196011057246154239196026
006243243211255196011042246180239196026
006238243212255196011034246190239196026
006234243237255196011029246201239196026
006237243243255196011026246216239196026
006233243255255196011014246242239196023
006234244010255196011007246253239196023
006245244020254196011012247008239196023
006239244041254196011007247030239196023
006244244045254196011007247039239196023
006254244045254196011014247052239196025
007014244065254196011011247067239196025
007013244071254196011013247093238196025
007019244076254196011017247101238196025
007037244091253196011027247117238196025
007040244094253196011027247132238196023
007052244103253196011034247152238196023
007063244110253196011040247160238196023
007081244127253196011046247176238196023
007090244130253196011059247202238196023
007101244134253196011068247219238196023
007122244150253196011074247232238196023
007126244150253196011099248003238196023
007139244154253196011109248017238196023
007156244166253196011118248033238196023
007180244177252196011134248045238196024
007190244177252196011165248069238196024
007206244180252196011176248073238196024
007215244190252196011192248084238196024
007233244198252196011224248103238196024
008000244207252196011242248113238196019
008009244212252196012010248120238196019
008035244213252196012056248127237196019
008051244216252196012075248132237196019
008068244222252196012097248128237196019
008084244230252196012127248126237196018
008115244235252196012173248121237196018
008126244235252196012201248114237196018
008141244238252196012226248108237196018
008160244245252196013017248084237196018
008200244245252196013049248068237196018
008207244251252196013068248050237196018
008216244249252196013113248019237196018
009000244248252196013135248006237196018
009003244251252196013158247241237196018
009010245002252196013175247222238196019
009021245002252196013207247175238196019
009046245001252196013226247156238196019
009053245003252196013238247136238196019
009069245001252196014003247095238196019
009071245008252196014024247075238196020
009088245004252196014031247052238196020
009096244253252196014038247033238196020
009109245001252196014056246246238196020
009117245005252196014065246227238196020
009122245005252196014075246200238196020
009129245002252196014089246153238196020
009140245000252196014094246126238196020
009151245007252196014094246108238196020
009149245001252196014095246082238196020
009150245003252196014097246033238196021
009156245004252196014097245255238196021
009163245001252196014088245235238196021
009170245002252196014085245191239196021
009171245003252196014082245168239196021
009176245001252196014075245150239196016
009183244253252196014058245118239196016
009178244255252196014058245098239196016
009180245001252196014044245074239196016
009181245000252196014034245058239196016
009184244252252196014018245025239196019
009181244255252196014010245001239196019
009181244249252196013247244245239196019
009186244250252196013228244220239196019
009189244241252196013225244202239196019
009188244248252196013214244189239196016
009197244240252196013202244182239196016
009186244239252196013168244156239196016
009186244235252196013156244149239196016
009191244235252196013142244137239196016
009196244236252196013116244125240196019
009191244234252196013109244111240196019
009189244228252196013089244110240196019
009184244234252196013076244105240196019
009187244225252196013055244099240196019
009192244221252196013044244093240196017
009188244223252196013034244087240196017
009187244225252196013010244089240196017
009188244228252196012255244088240196017
009188244218252196012249244082240196017
009185244221252196012236244083240196021
009187244221252196012221244088240196021
009189244223252196012205244085240196021
009185244220252196012206244090240196021
009176244222252196012192244096240196021
009178244220252196012181244095240196276
009180244224252196012177244102240196276
009174244221252196012164244108240196276
009179244215252196012155244109240196276
009183244217252196012157244109240196276
009180244212252196012154244112240196268
009180244210252196012144244116240196268
009187244204252196012135244121240196268
009185244212252196012136244122240196268
009176244210252196012123244127240196268
009180244214252196012121244132240196274
009185244208252196012115244135240196274
009175244214252196012108244142240196274
009181244209252196012111244140240196274
009178244206252196012108244144240196274
009178244206252196012103244146240196270
009183244204252196012099244151240196270
009186244201252196012101244147240196270
009177244207252196012102244152240196270
009172244200252196012094244159240196270
009181244204252196012096244159240196255
009176244200252196012093244158240196255
009183244204252196012089244162240196255
009189244199252196012093244165240196255
009184244200252196012092244166240196255
009178244203252196012091244168240196271
009186244198252196012093244175240196271
009184244202252196012086244178240196271
009178244206252196012085244176240196271
009181244201252196012088244179240196271
009179244197252196012085244181240196281
009178244199252196012086244180240196281
009183244193252196012081244185240196281
009187244196252196012087244181240196281
009181244195252196012077244184240196281
009182244200252196012080244185240196275
009178244199252196012085244188240196275
009177244196252196012083244190240196275
009179244198252196012087244190240196275
009174244200252196012082244192240196275
009183244201252196012087244186240196255
009174244201252196012086244188240196255
009172244201252196012086244192240196255
009184244200252196012080244188240196255
009178244195252196012085244182240196255
009184244197252196012085244188240196272
009187244196252196012083244197240196272
009179244196252196012083244199240196272
009184244190252196012089244195240196272
009184244192252196012088244196240196272
009188244198252196012090244195240196278
009178244199252196012095244197240196278
009180244197252196012088244190240196278
009180244197252196012090244192240196278
009182244206252196012089244194240196278
009180244198252196012088244195240196273
009187244202252196012087244194240196273
009179244202252196012091244196240196273
009181244194252196012089244195240196273
009182244199252196012089244198240196273
009193244190252196012096244196240196268
009179244198252196012086244201240196268
009187244196252196012090244195240196268
009191244190252196012086244195240196268
009188244198252196012091244194240196268
009186244194252196012087244201240196270
009188244197252196012083244197240196270
009185244193252196012087244199240196270
009183244191252196012085244199240196270
009189244192252196012088244192240196270
009193244192252196012091244193240196275
009187244196252196012088244194240196275
009189244191252196012078244201240196275
009191244191252196012085244197240196275
009181244194252196012088244192240196275
009187244191252196012088244198240196271
009189244192252196012094244200240196271
009186244196252196012082244195240196271
009191244189252196012089244199240196271
009193244193252196012086244198240196271
009188244195252196012082244202240196276
009191244195252196012083244191240196276
009195244196252196012088244189240196276
009193244185252196012085244196240196276
009192244188252196012085244200240196276
009192244187252196012080244194240196268
009190244194252196012084244193240196268
009191244197252196012083244196240196268
009184244197252196012084244193240196268
009191244192252196012082244195240196268
009186244195252196012080244194240196272
009185244192252196012083244200240196272
009186244195252196012085244198240196272
009186244188252196012083244193240196272
009189244194252196012086244199240196272
009190244191252196012079244195240196280
009187244189252196012080244195240196280
009187244187252196012081244198240196280
009188244194252196012088244198240196280
009187244190252196012088244193240196280
009183244190252196012082244197240196272
009188244186252196012078244200240196272
009192244191252196012080244200240196272
009186244188252196012084244197240196272
009184244189252196012083244204240196272
009190244191252196012080244198240196279
009183244196252196012081244196240196279
009190244183252196012082244197240196279
009191244185252196012082244193240196279
009187244188252196012084244192240196279
009190244186252196012080244194240196269
009189244187252196012072244196240196269
009192244187252196012080244192240196269
009193244187252196012080244196240196269
009190244187252196012077244198240196269
009190244193252196012075244197240196261
009187244189252196012079244200240196261
009188244193252196012083244192240196261
009191244193252196012080244197240196261
009183244196252196012084244197240196261
009189244194252196012081244193240196271
009183244190252196012079244195240196271
009193244191252196012081244198240196271
009186244186252196012085244190240196271
009192244186252196012077244190240196271
009190244182252196012080244190240196265
009185244187252196012079244192240196265
009187244188252196012076244194240196265
009186244188252196012079244194240196265
009185244185252196012078244193240196265
009188244183252196012077244197240196273
009193244186252196012077244199240196273
009190244184252196012076244197240196273
009190244187252196012076244199240196273
009188244188252196012068244194240196273
009190244192252196012068244194240196267
009186244193252196012076244202240196267
009194244186253196012071244195240196267
009190244189252196012073244196240196267
009191244186252196012067244195240196267
009187244188252196012070244198240196267
009184244187252196012073244194240196267
009186244188252196012070244186240196267
009189244188252196012074244196240196267
009191244188252196012078244196240196267
009191244187252196012073244191240196270
009190244183252196012074244194240196270
009196244186252196012077244193240196270
009191244182252196012075244192240196270
009186244189252196012077244200240196270
009193244183252196012074244193240196255
009196244187252196012077244197240196255
009190244187252196012073244197240196255
009195244185252196012074244187240196255
009198244184252196012074244195240196255
009194244182252196012073244191240196260
009190244188252196012077244191240196260
009199244191252196012074244197240196260
009196244188252196012073244194240196260
009189244185252196012080244189240196260
009191244180252196012077244194240196265
009189244184252196012074244189240196265
009187244183252196012083244195240196265
009190244185252196012078244189240196265
009197244188252196012071244195240196265
009190244187252196012074244192240196261
009192244180252196012076244197240196261
009194244185252196012075244191240196261
009193244184252196012077244189240196261
009190244185252196012079244193240196261
009193244179252196012074244197240196263
009190244188252196012079244191240196263
009196244183252196012075244198240196263
009193244183252196012073244193240196263
009187244192252196012076244194240196263
009188244187252196012075244191240196272
009186244183252196012073244195240196272
009187244194252196012072244196240196272
009188244186252196012077244198240196272
009189244192252196012072244197240196272
009191244186252196012074244197240196270
009193244192252196012075244193240196270
009194244193252196012069244194240196270
009188244185252196012077244196240196270
009195244186252196012077244192240196270
009188244191252196012071244192240196265
009193244187252196012072244196240196265
009198244189252196012072244195240196265
009191244183252196012072244191240196265
009191244185252196012075244189240196265
009192244183252196012077244189240196258
009191244190252196012068244194240196258
009193244192252196012074244187240196258
009192244190252196012073244198240196258
009198244188252196012072244200240196258
009192244191252196012074244190240196278
009191244189252196012075244191240196278
009197244189252196012071244195240196278
009191244195252196012072244193240196278
009195244188252196012074244193240196278
009189244186252196012075244194240196273
009190244192252196012073244194240196273
009191244188252196012076244195240196273
009192244187252196012073244194240196273
009184244190252196012067244194240196273
009190244188252196012070244195240196264
009193244183252196012075244187240196264
009189244193252196012070244198240196264
009191244192252196012070244192240196264
009196244181252196012071244199240196264
009192244188252196012072244198240196258
009192244193252196012066244198240196258
009186244190252196012070244197240196258
009192244191252196012069244198240196258
009186244187252196012069244197240196258
009190244191252196012075244196240196270
009189244183252196012069244194240196270
009191244184252196012072244195240196270
009189244188252196012076244192240196270
009195244192252196012075244197240196270
009197244188252196012070244192240196261
009194244192252196012072244195240196261
009189244191252196012075244199240196261
009190244180252196012072244199240196261
009188244195252196012077244196240196261
009192244189252196012072244198240196274
009188244185252196012073244196240196274
009194244185252196012073244199240196274
009195244187252196012070244194240196274
009194244190252196012071244195240196274
009191244186252196012076244193240196270
009190244188252196012070244197240196270
009192244185252196012070244199240196270
009189244188252196012071244195240196270
009193244185252196012070244198240196270
009194244185252196012064244198240196281
009195244192252196012073244189240196281
009191244191252196012067244196240196281
009192244187252196012070244195240196281
009196244191252196012069244200240196281
009192244189252196012070244199240196270
009191244192252196012072244194240196270
009195244191252196012071244196240196270
009188244195252196012077244190240196270
009192244188252196012071244192240196270
009190244187252196012068244192240196255
009186244194252196012073244198240196255
009193244184252196012070244192240196255
009186244188252196012075244197240196255
009195244187252196012073244199240196255
009191244190252196012068244194240196263
009191244187252196012077244189240196263
009191244193252196012076244195240196263
009193244187252196012074244195240196263
009193244191252196012068244192240196263
009195244181252196012075244198240196267
009194244193252196012069244202240196267
009191244191252196012070244199240196267
009199244192252196012067244193240196267
009190244192252196012070244192240196267
009189244190252196012074244191240196270
009185244187252196012075244191240196270
009196244186252196012070244196240196270
009192244183252196012068244195240196270
009194244187252196012072244192240196270
009190244186252196012073244193240196269
009188244189252196012069244198240196269
009190244186252196012077244196240196269
009195244186252196012068244195240196269
009191244187252196012071244199240196269
009189244192252196012072244194240196273
009195244191252196012074244200240196273
009196244186252196012068244196240196273
009190244190252196012067244197240196273
009191244191252196012073244198240196273
009197244189252196012075244198240196272
009192244191252196012072244202240196272
009190244186252196012076244193240196272
009192244189252196012069244193240196272
009189244192252196012072244197240196272
009193244194252196012075244196240196276
009195244189252196012074244194240196276
009192244192252196012072244197240196276
009189244192252196012071244195240196276
009193244189252196012070244199240196276
009197244192252196012075244193240196276
009196244183252196012068244197240196276
009193244188252196012064244193240196276
009194244189252196012066244192240196276
009197244184252196012063244190240196276
009193244188252196012068244192240196268
009194244192252196012068244198240196268
009191244184252196012072244194240196268
009194244188252196012068244195240196268
009189244187252196012068244195240196268
009196244189252196012070244192240196270
009195244195252196012068244198240196270
009193244193252196012073244198240196270
009191244187252196012071244200240196270
009188244189252196012069244194240196270
009194244186252196012067244198240196281
009194244191252196012069244195240196281
009192244194252196012063244193240196281
009192244187252196012067244197240196281
009190244186252196012072244198240196281
009195244187252196012062244201240196273
009188244185252196012062244196240196273
009191244180252196012070244193240196273
009194244190252196012068244197240196273
009183244190252196012072244195240196273
009185244190252196012071244193240196270
009196244191252196012077244194240196270
009190244184252196012073244197240196270
009189244189252196012075244195240196270
009190244193252196012074244191240196270
009190244188252196012071244195240196273
009194244198252196012070244198240196273
009193244191252196012071244194240196273
009191244190252196012069244194240196273
009199244191252196012075244191240196273
009193244190252196012073244191240196281
009198244193252196012067244192240196281
009187244192252196012068244198240196281
009193244189252196012076244204240196281
009201244188252196012075244194240196281
009195244190252196012072244196240196280
009191244194252196012068244195240196280
009192244192252196012066244198240196280
009191244194252196012069244191240196280
009189244194252196012079244193240196280
009190244184252196012073244191240196262
009189244188252196012072244193240196262
009186244192252196012073244196240196262
009194244189252196012065244200240196262
009199244185252196012059244206240196262
009192244184252196012071244199240196271
009193244186252196012068244188240196271
009195244180252196012073244191240196271
009194244184252196012072244192240196271
009193244187252196012074244192240196271
009194244180252196012065244193240196267
009186244185252196012070244190240196267
009192244184252196012068244190240196267
009194244190252196012069244197240196267
009190244193252196012070244193240196267
009196244189252196012073244191240196279
009197244192252196012073244199240196279
009198244190252196012065244197240196279
009198244193252196012067244194240196279
009193244195252196012070244193240196279
009193244185252196012074244197240196270
009188244190252196012071244194240196270
009193244186252196012073244194240196270
009201244190252196012071244189240196270
009194244184252196012067244193240196270
009195244184252196012054244193240196277
009199244187252196012066244190240196277
009196244183252196012068244192240196277
009195244184252196012062244200240196277
009193244182252196012057244197240196277
009188244185252196012070244192240196268
009189244189252196012066244194240196268
009192244179252196012061244196240196268
009194244189252196012067244194240196268
009185244184252196012063244191240196268
009187244184252196012067244192240196274
009194244187252196012074244188240196274
009193244184252196012067244193240196274
009191244182252196012062244191240196274
009192244183252196012074244193240196274
009193244184252196012066244189240196270
009187244187252196012068244196240196270
009189244184252196012075244191240196270
009199244188252196012074244195240196270
009190244184252196012073244193240196270
009193244181252196012074244193240196272
009195244184252196012070244192240196272
009196244191252196012070244191240196272
009189244191252196012072244191240196272
009193244188252196012070244191240196272
009197244188252196012065244190240196280
009198244185252196012066244196240196280
009191244185252196012068244191240196280
009193244186252196012060244188240196280
009192244187252196012066244189240196280
009193244193252196012068244190240196270
009192244185252196012058244193240196270
009193244189252196012067244191240196270
009198244189252196012067244194240196270
009197244190252196012067244191240196270
009193244182252196012063244188240196270
009193244176252196012066244195240196270
009195244181252196012067244194240196270
009193244187252196012070244197240196270
009193244189252196012069244190240196270
009202244184252196012069244191240196272
009199244181252196012068244188240196272
009191244185252196012067244192240196272
009192244184252196012064244192240196272
009194244178252196012065244189240196272
009188244184252196012070244195240196273
009184244182252196012066244191240196273
009193244184252196012065244191240196273
009191244182252196012065244190240196273
009191244191252196012069244191240196273
009188244188252196012060244194240196255
009191244185252196012068244191240196255
009192244184252196012067244190240196255
009190244182252196012064244195240196255
009196244186252196012065244198240196255
009192244188252196012066244190240196261
009194244192252196012056244194240196261
009198244181252196012068244190240196261
009199244180252196012066244196240196261
009192244179252196012069244188240196261
009198244184252196012069244186240196270
009194244184252196012073244196240196270
009191244183252196012066244196240196270
009193244188252196012073244197240196270
009198244185252196012069244192240196270
009193244185252196012068244191240196280
009198244186252196012071244192240196280
009199244183252196012064244188240196280
009195244184252196012064244192240196280
009195244178252196012065244191240196280
009194244182252196012070244191240196271
009196244182252196012064244198240196271
009191244185252196012070244189240196271
009190244187252196012065244195240196271
009190244192252196012061244198240196271
009192244186252196012064244202240196274
009196244188252196012063244195240196274
009192244190252196012060244196240196274
009185244191252196012064244197240196274
009187244184252196012065244201240196274
009196244187252196012067244193240196261
009192244182252196012064244195240196261
009188244183252196012068244195240196261
009192244185252196012068244194240196261
009190244186252196012062244195240196261
009192244182252196012066244191240196272
009201244183252196012066244190240196272
009192244182252196012071244192240196272
009192244187252196012074244191240196272
009193244180252196012066244197240196272
009194244181252196012067244199240196280
009194244181252196012074244192240196280
009196244180252196012070244197240196280
009199244182252196012071244192240196280
009199244182252196012072244195240196280
009193244186252196012070244194240196269
009192244180252196012068244194240196269
009193244184252196012070244192240196269
009195244184252196012065244190240196269
009196244183252196012065244197240196269
009205244183252196012074244187240196262
009196244190252196012073244194240196262
009200244180252196012071244196240196262
009192244182252196012067244191240196262
009194244179252196012073244198240196262
009189244182252196012072244192240196272
009192244181252196012067244196240196272
009193244179252196012066244200240196272
009189244184252196012067244196240196272
009192244183252196012067244191240196272
009192244185252196012069244191240196279
009188244191252196012069244186240196279
009198244186252196012061244193240196279
009192244192252196012066244194240196279
009194244187252196012068244198240196279
009192244187252196012066244191240196270
009197244186252196012071244193240196270
009191244184252196012069244192240196270
009194244185252196012070244191240196270
009194244180252196012076244195240196270
009195244184252196012072244190240196254
009189244192252196012070244187240196254
009198244188252196012077244190240196254
009190244186252196012069244194240196254
009184244190252196012071244194240196254
009195244186252196012069244192240196271
009194244188252196012068244196240196271
009193244189252196012068244192240196271
009197244186252196012069244192240196271
009195244187252196012069244194240196271
009198244195252196012072244193240196268
009196244189252196012073244188240196268
009202244186252196012073244198240196268
009198244191252196012067244200240196268
009199244187252196012071244201240196268
009195244181252196012069244195240196255
009198244184252196012073244198240196255
009196244190252196012075244187240196255
009198244185252196012067244197240196255
009197244185252196012067244197240196255
009200244179252196012066244192240196269
009198244182252196012074244198240196269
009193244190252196012065244196240196269
009194244189252196012065244200240196269
009196244178252196012072244194240196269
009194244185252196012074244191240196284
009199244187252196012071244192240196284
009195244181252196012072244194240196284
009199244180252196012067244194240196284
009196244180252196012069244195240196284
009197244188252196012073244189240196272
009193244185252196012073244197240196272
009198244180252196012072244192240196272
009198244183252196012073244193240196272
009192244183252196012078244194240196272
009196244183252196012073244189240196256
009194244189252196012071244199240196256
009190244185252196012071244201240196256
009190244186252196012071244194240196256
009195244186252196012075244192240196256
009190244186252196012080244192240196270
009193244184252196012072244197240196270
009196244182252196012075244192240196270
009196244187252196012069244197240196270
009191244185252196012073244194240196270
009198244188252196012074244195240196270
009190244187252196012077244189240196270
009192244186252196012073244191240196270
009195244189252196012072244198240196270
009196244187252196012073244200240196270
009187244187252196012073244195240196279
009199244187252196012073244199240196279
009192244180252196012075244192240196279
009198244186252196012072244190240196279
009199244180252196012074244193240196279
009191244189252196012078244200240196265
009197244191252196012074244195240196265
009193244182252196012069244195240196265
009195244182252196012071244193240196265
009195244183252196012073244197240196265
009194244184252196012071244192240196266
009196244187252196012074244197240196266
009194244191252196012065244193240196266
009194244191252196012069244194240196266
009195244194252196012069244200240196266
009195244190252196012071244195240196271
009197244191252196012079244192240196271
009195244191252196012067244199240196271
009200244191252196012067244190240196271
009198244194252196012074244186240196271
009196244189252196012073244197240196267
009203244193252196012073244193240196267
009184244189252196012067244194240196267
009196244193252196012071244196240196267
009198244182252196012071244195240196267
009198244195252196012069244196240196272
009196244195252196012073244193240196272
009194244187252196012068244194240196272
009195244186252196012071244196240196272
009196244184252196012068244195240196272
009194244182252196012067244200240196264
009195244186252196012071244196240196264
009193244184252196012069244193240196264
009200244184252196012071244193240196264
009195244183252196012068244195240196264
009194244193252196012075244188240196254
009193244188252196012072244196240196254

-----------------------------------------------
Date: 2/1/2018 - 7:50:17 PM
End log file
